Using pre-set license
Built from '2020.3/staging' branch; Version is '2020.3.23f1 (c5d91304a876) revision 12966163'; Using compiler version '192528614'; Build Type 'Release'
OS: 'Windows 10 Enterprise LTSC 2019; OS build 17763.2686; Version 1809; 64bit' Language: 'en' Physical Memory: 16262 MB
BatchMode: 1, IsHumanControllingUs: 0, StartBugReporterOnCrash: 0, Is64bit: 1, IsPro: 0

COMMAND LINE ARGUMENTS:
D:\Program Files\2020.3.23f1\Editor\Unity.exe
-adb2
-batchMode
-noUpm
-name
AssetImportWorker0
-projectPath
D:/GitHub Projects/testApp
-logFile
Logs/AssetImportWorker0.log
-srvPort
53136
Successfully changed project path to: D:/GitHub Projects/testApp
D:/GitHub Projects/testApp
Using Asset Import Pipeline V2.
Refreshing native plugins compatible for Editor in 31.71 ms, found 2 plugins.
Preloading 0 native plugins for Editor in 0.00 ms.
Initialize engine version: 2020.3.23f1 (c5d91304a876)
[Subsystems] Discovering subsystems at path D:/Program Files/2020.3.23f1/Editor/Data/Resources/UnitySubsystems
[Subsystems] Discovering subsystems at path D:/GitHub Projects/testApp/Assets
GfxDevice: creating device client; threaded=0
Direct3D:
    Version:  Direct3D 11.0 [level 11.1]
    Renderer: NVIDIA GeForce GTX 1060 (ID=0x1c20)
    Vendor:   
    VRAM:     6052 MB
    Driver:   30.0.14.9733
Initialize mono
Mono path[0] = 'D:/Program Files/2020.3.23f1/Editor/Data/Managed'
Mono path[1] = 'D:/Program Files/2020.3.23f1/Editor/Data/MonoBleedingEdge/lib/mono/unityjit'
Mono config path = 'D:/Program Files/2020.3.23f1/Editor/Data/MonoBleedingEdge/etc'
Using monoOptions --debugger-agent=transport=dt_socket,embedding=1,server=y,suspend=n,address=127.0.0.1:56944
Begin MonoManager ReloadAssembly
Registering precompiled unity dll's ...
Register platform support module: D:/Program Files/2020.3.23f1/Editor/Data/PlaybackEngines/WindowsStandaloneSupport/UnityEditor.WindowsStandalone.Extensions.dll
Registered in 0.001066 seconds.
Native extension for WindowsStandalone target not found
Refreshing native plugins compatible for Editor in 28.21 ms, found 2 plugins.
Preloading 0 native plugins for Editor in 0.00 ms.
Mono: successfully reloaded assembly
- Completed reload, in  0.539 seconds
Domain Reload Profiling:
	ReloadAssembly (539ms)
		BeginReloadAssembly (60ms)
			ExecutionOrderSort (0ms)
			DisableScriptedObjects (0ms)
			BackupInstance (0ms)
			ReleaseScriptingObjects (0ms)
			CreateAndSetChildDomain (1ms)
		EndReloadAssembly (412ms)
			LoadAssemblies (60ms)
			RebuildTransferFunctionScriptingTraits (0ms)
			SetupTypeCache (140ms)
			ReleaseScriptCaches (0ms)
			RebuildScriptCaches (29ms)
			SetupLoadedEditorAssemblies (151ms)
				LogAssemblyErrors (0ms)
				InitializePlatformSupportModulesInManaged (4ms)
				SetLoadedEditorAssemblies (0ms)
				RefreshPlugins (28ms)
				BeforeProcessingInitializeOnLoad (12ms)
				ProcessInitializeOnLoadAttributes (80ms)
				ProcessInitializeOnLoadMethodAttributes (27ms)
				AfterProcessingInitializeOnLoad (0ms)
				EditorAssembliesLoaded (0ms)
			ExecutionOrderSort2 (0ms)
			AwakeInstancesAfterBackupRestoration (0ms)
Platform modules already initialized, skipping
Registering precompiled user dll's ...
Registered in 0.004130 seconds.
Begin MonoManager ReloadAssembly
Native extension for WindowsStandalone target not found
Refreshing native plugins compatible for Editor in 0.31 ms, found 2 plugins.
Preloading 0 native plugins for Editor in 0.00 ms.
Mono: successfully reloaded assembly
- Completed reload, in  0.918 seconds
Domain Reload Profiling:
	ReloadAssembly (919ms)
		BeginReloadAssembly (142ms)
			ExecutionOrderSort (0ms)
			DisableScriptedObjects (4ms)
			BackupInstance (0ms)
			ReleaseScriptingObjects (0ms)
			CreateAndSetChildDomain (17ms)
		EndReloadAssembly (725ms)
			LoadAssemblies (93ms)
			RebuildTransferFunctionScriptingTraits (0ms)
			SetupTypeCache (258ms)
			ReleaseScriptCaches (0ms)
			RebuildScriptCaches (39ms)
			SetupLoadedEditorAssemblies (265ms)
				LogAssemblyErrors (0ms)
				InitializePlatformSupportModulesInManaged (4ms)
				SetLoadedEditorAssemblies (0ms)
				RefreshPlugins (0ms)
				BeforeProcessingInitializeOnLoad (71ms)
				ProcessInitializeOnLoadAttributes (179ms)
				ProcessInitializeOnLoadMethodAttributes (9ms)
				AfterProcessingInitializeOnLoad (2ms)
				EditorAssembliesLoaded (0ms)
			ExecutionOrderSort2 (0ms)
			AwakeInstancesAfterBackupRestoration (6ms)
Platform modules already initialized, skipping
========================================================================
Worker process is ready to serve import requests
Launched and connected shader compiler UnityShaderCompiler.exe after 0.12 seconds
Refreshing native plugins compatible for Editor in 0.33 ms, found 2 plugins.
Preloading 0 native plugins for Editor in 0.00 ms.
Unloading 1499 Unused Serialized files (Serialized files now loaded: 0)
System memory in use before: 67.3 MB.
System memory in use after: 67.4 MB.

Unloading 19 unused Assets to reduce memory usage. Loaded Objects now: 1930.
Total: 2.776100 ms (FindLiveObjects: 0.133000 ms CreateObjectMapping: 0.043000 ms MarkObjects: 2.537800 ms  DeleteObjects: 0.061000 ms)

AssetImportParameters requested are different than current active one (requested -> active):
  custom:framework-win-MediaFoundation: 216162199b28c13a410421893ffa2e32 -> 
  custom:video-decoder-ogg-theora: a1e56fd34408186e4bbccfd4996cb3dc -> 
  custom:container-muxer-webm: aa71ff27fc2769a1b78a27578f13a17b -> 
  custom:container-demuxer-webm: 4f35f7cbe854078d1ac9338744f61a02 -> 
  custom:container-demuxer-ogg: 62fdf1f143b41e24485cea50d1cbac27 -> 
  custom:video-encoder-webm-vp8: eb34c28f22e8b96e1ab97ce403110664 -> 
  custom:video-decoder-webm-vp8: 9c59270c3fd7afecdb556c50c9e8de78 -> 
  custom:audio-decoder-ogg-vorbis: bf7c407c2cedff20999df2af8eb42d56 -> 
  custom:audio-encoder-webm-vorbis: bf7c407c2cedff20999df2af8eb42d56 -> 
========================================================================
Received Import Request.
  path: Assets/wooden_box_fbx/wooden_box_fbx.FBX
  artifactKey: Guid(8399397c079c2ec45a226c685938ebc0) Importer(815301076,1909f56bfc062723c751e8b465ee728b)
Start importing Assets/wooden_box_fbx/wooden_box_fbx.FBX using Guid(8399397c079c2ec45a226c685938ebc0) Importer(815301076,1909f56bfc062723c751e8b465ee728b)  -> (artifact id: '4d0f0a261d45f441c153c2c878a35c4c') in 0.377425 seconds 
  Import took 0.379681 seconds .

========================================================================
Received Import Request.
  Time since last request: 0.000296 seconds.
  path: Assets/wooden_box_fbx
  artifactKey: Guid(c9b6929017a49444c85e19a53079d659) Importer(815301076,1909f56bfc062723c751e8b465ee728b)
Start importing Assets/wooden_box_fbx using Guid(c9b6929017a49444c85e19a53079d659) Importer(815301076,1909f56bfc062723c751e8b465ee728b)  -> (artifact id: 'c0fa6b906d7b2781ace62e24a324542f') in 0.001647 seconds 
  Import took 0.003981 seconds .

========================================================================
Received Import Request.
  Time since last request: 0.000253 seconds.
  path: Assets/wooden_box_fbx/wooden_box_texture.tga
  artifactKey: Guid(2add8f95840a9ce4f9efa4de29b0b1bd) Importer(815301076,1909f56bfc062723c751e8b465ee728b)
Start importing Assets/wooden_box_fbx/wooden_box_texture.tga using Guid(2add8f95840a9ce4f9efa4de29b0b1bd) Importer(815301076,1909f56bfc062723c751e8b465ee728b)  -> (artifact id: 'a11f621a490baa3dc0be231bd110f357') in 0.110739 seconds 
  Import took 0.113505 seconds .

========================================================================
Received Import Request.
  Time since last request: 589.681644 seconds.
  path: Assets/Textures
  artifactKey: Guid(1cc1aeaa3054ebe4c883173091719114) Importer(815301076,1909f56bfc062723c751e8b465ee728b)
Start importing Assets/Textures using Guid(1cc1aeaa3054ebe4c883173091719114) Importer(815301076,1909f56bfc062723c751e8b465ee728b)  -> (artifact id: 'e148ee05e68a522536499d353aa76f6c') in 0.013515 seconds 
  Import took 0.017006 seconds .

========================================================================
Received Import Request.
  Time since last request: 2.176257 seconds.
  path: Assets/Materials
  artifactKey: Guid(a0ea6c38f8ab3a848a8fec250a17066e) Importer(815301076,1909f56bfc062723c751e8b465ee728b)
Start importing Assets/Materials using Guid(a0ea6c38f8ab3a848a8fec250a17066e) Importer(815301076,1909f56bfc062723c751e8b465ee728b)  -> (artifact id: '41fef23cad6e5b045e37f0ffa6b67be8') in 0.004963 seconds 
  Import took 0.007197 seconds .

========================================================================
Received Import Request.
  Time since last request: 0.179281 seconds.
  path: Assets/Materials/wooden_box_texture.mat
  artifactKey: Guid(542528f8d4d008d489c7ab566371ba0b) Importer(815301076,1909f56bfc062723c751e8b465ee728b)
Start importing Assets/Materials/wooden_box_texture.mat using Guid(542528f8d4d008d489c7ab566371ba0b) Importer(815301076,1909f56bfc062723c751e8b465ee728b)  -> (artifact id: '3e8a7bbe7039740f16146accddec3a05') in 0.127606 seconds 
  Import took 0.130085 seconds .

========================================================================
Received Import Request.
  Time since last request: 247.595202 seconds.
  path: Assets/UI
  artifactKey: Guid(76efe463a0605cf4095cff35bffc82f5) Importer(815301076,1909f56bfc062723c751e8b465ee728b)
Start importing Assets/UI using Guid(76efe463a0605cf4095cff35bffc82f5) Importer(815301076,1909f56bfc062723c751e8b465ee728b)  -> (artifact id: '0a8d2d11b3d16843236cc39aeb8b7caa') in 0.004932 seconds 
  Import took 0.007441 seconds .

========================================================================
Received Import Request.
  Time since last request: 33.093894 seconds.
  path: Assets/UI/GrisCoverImage.jpg
  artifactKey: Guid(c6fdb883ceace7b4893e4d1d91b068ff) Importer(815301076,1909f56bfc062723c751e8b465ee728b)
Start importing Assets/UI/GrisCoverImage.jpg using Guid(c6fdb883ceace7b4893e4d1d91b068ff) Importer(815301076,1909f56bfc062723c751e8b465ee728b)  -> (artifact id: '94e84724f074895fc850361fb42fce59') in 0.045139 seconds 
  Import took 0.047832 seconds .

========================================================================
Received Import Request.
  Time since last request: 29.864870 seconds.
  path: Assets/UI/GrisCoverImage.jpg
  artifactKey: Guid(c6fdb883ceace7b4893e4d1d91b068ff) Importer(815301076,1909f56bfc062723c751e8b465ee728b)
Start importing Assets/UI/GrisCoverImage.jpg using Guid(c6fdb883ceace7b4893e4d1d91b068ff) Importer(815301076,1909f56bfc062723c751e8b465ee728b)  -> (artifact id: '193db5aa4180ea077946ce367c2f9675') in 0.026636 seconds 
  Import took 0.037052 seconds .

========================================================================
Received Import Request.
  Time since last request: 710.171921 seconds.
  path: Assets/Animations
  artifactKey: Guid(121e43cabe14c6541bb0245e3111e992) Importer(815301076,1909f56bfc062723c751e8b465ee728b)
Start importing Assets/Animations using Guid(121e43cabe14c6541bb0245e3111e992) Importer(815301076,1909f56bfc062723c751e8b465ee728b)  -> (artifact id: 'c913b88095d3475735387830952c98c7') in 0.004970 seconds 
  Import took 0.007673 seconds .

========================================================================
Received Import Request.
  Time since last request: 537.825540 seconds.
  path: Assets/Animations/MoveAnimation.anim
  artifactKey: Guid(503a018ed79d63d43b1778094185783a) Importer(815301076,1909f56bfc062723c751e8b465ee728b)
Start importing Assets/Animations/MoveAnimation.anim using Guid(503a018ed79d63d43b1778094185783a) Importer(815301076,1909f56bfc062723c751e8b465ee728b)  -> (artifact id: '56f0aa7b17d77495aa654bcf8c4ca5d5') in 0.008693 seconds 
  Import took 0.011459 seconds .

========================================================================
Received Prepare
Registering precompiled user dll's ...
Registered in 0.003897 seconds.
Begin MonoManager ReloadAssembly
Native extension for WindowsStandalone target not found
Refreshing native plugins compatible for Editor in 0.31 ms, found 2 plugins.
Preloading 0 native plugins for Editor in 0.00 ms.
Mono: successfully reloaded assembly
- Completed reload, in  0.891 seconds
Domain Reload Profiling:
	ReloadAssembly (891ms)
		BeginReloadAssembly (109ms)
			ExecutionOrderSort (0ms)
			DisableScriptedObjects (4ms)
			BackupInstance (0ms)
			ReleaseScriptingObjects (0ms)
			CreateAndSetChildDomain (30ms)
		EndReloadAssembly (731ms)
			LoadAssemblies (95ms)
			RebuildTransferFunctionScriptingTraits (0ms)
			SetupTypeCache (249ms)
			ReleaseScriptCaches (1ms)
			RebuildScriptCaches (34ms)
			SetupLoadedEditorAssemblies (270ms)
				LogAssemblyErrors (0ms)
				InitializePlatformSupportModulesInManaged (4ms)
				SetLoadedEditorAssemblies (0ms)
				RefreshPlugins (0ms)
				BeforeProcessingInitializeOnLoad (68ms)
				ProcessInitializeOnLoadAttributes (186ms)
				ProcessInitializeOnLoadMethodAttributes (8ms)
				AfterProcessingInitializeOnLoad (2ms)
				EditorAssembliesLoaded (0ms)
			ExecutionOrderSort2 (0ms)
			AwakeInstancesAfterBackupRestoration (6ms)
Platform modules already initialized, skipping
Switching build target platform(19) subTarget(0) extendedPlatform(0) -> platform(13) subTarget(537395200) extendedPlatform(0)
Refreshing native plugins compatible for Editor in 0.31 ms, found 2 plugins.
Preloading 0 native plugins for Editor in 0.00 ms.
Unloading 1496 Unused Serialized files (Serialized files now loaded: 0)
System memory in use before: 70.7 MB.
System memory in use after: 70.8 MB.

Unloading 14 unused Assets to reduce memory usage. Loaded Objects now: 1978.
Total: 2.653400 ms (FindLiveObjects: 0.153600 ms CreateObjectMapping: 0.043300 ms MarkObjects: 2.439400 ms  DeleteObjects: 0.016300 ms)

AssetImportParameters requested are different than current active one (requested -> active):
  custom:framework-win-MediaFoundation: 216162199b28c13a410421893ffa2e32 -> 
  custom:video-decoder-ogg-theora: a1e56fd34408186e4bbccfd4996cb3dc -> 
  custom:container-muxer-webm: aa71ff27fc2769a1b78a27578f13a17b -> 
  custom:container-demuxer-webm: 4f35f7cbe854078d1ac9338744f61a02 -> 
  custom:container-demuxer-ogg: 62fdf1f143b41e24485cea50d1cbac27 -> 
  custom:video-encoder-webm-vp8: eb34c28f22e8b96e1ab97ce403110664 -> 
  custom:video-decoder-webm-vp8: 9c59270c3fd7afecdb556c50c9e8de78 -> 
  custom:graphics/normal-map-encoding: 01000000000000000000000000000000 -> 02000000000000000000000000000000
  custom:audio-decoder-ogg-vorbis: bf7c407c2cedff20999df2af8eb42d56 -> 
  custom:audio-encoder-webm-vorbis: bf7c407c2cedff20999df2af8eb42d56 -> 
========================================================================
Received Import Request.
  Time since last request: 103.188721 seconds.
  path: Assets/Scripts
  artifactKey: Guid(c69d8c8fc10251242af1cdc29a5c3b35) Importer(815301076,1909f56bfc062723c751e8b465ee728b)
Start importing Assets/Scripts using Guid(c69d8c8fc10251242af1cdc29a5c3b35) Importer(815301076,1909f56bfc062723c751e8b465ee728b)  -> (artifact id: '2edfe6ba6abd7e87d21b8c5afdb9c429') in 0.008046 seconds 
  Import took 0.010721 seconds .

========================================================================
Received Import Request.
  Time since last request: 21.513158 seconds.
  path: Assets/Scripts/BoxAnimations.cs
  artifactKey: Guid(a2f3dcd9bbb1f8d4bb6388ab9de9673a) Importer(815301076,1909f56bfc062723c751e8b465ee728b)
Start importing Assets/Scripts/BoxAnimations.cs using Guid(a2f3dcd9bbb1f8d4bb6388ab9de9673a) Importer(815301076,1909f56bfc062723c751e8b465ee728b)  -> (artifact id: 'a7ad9ed2748df0046b3611557944ee0d') in 0.015004 seconds 
  Import took 0.017540 seconds .

========================================================================
Received Prepare
Registering precompiled user dll's ...
Registered in 0.003631 seconds.
Begin MonoManager ReloadAssembly
Native extension for WindowsStandalone target not found
Refreshing native plugins compatible for Editor in 0.30 ms, found 2 plugins.
Preloading 0 native plugins for Editor in 0.00 ms.
Mono: successfully reloaded assembly
- Completed reload, in  0.866 seconds
Domain Reload Profiling:
	ReloadAssembly (866ms)
		BeginReloadAssembly (102ms)
			ExecutionOrderSort (0ms)
			DisableScriptedObjects (4ms)
			BackupInstance (0ms)
			ReleaseScriptingObjects (0ms)
			CreateAndSetChildDomain (28ms)
		EndReloadAssembly (713ms)
			LoadAssemblies (97ms)
			RebuildTransferFunctionScriptingTraits (0ms)
			SetupTypeCache (255ms)
			ReleaseScriptCaches (1ms)
			RebuildScriptCaches (35ms)
			SetupLoadedEditorAssemblies (247ms)
				LogAssemblyErrors (0ms)
				InitializePlatformSupportModulesInManaged (4ms)
				SetLoadedEditorAssemblies (0ms)
				RefreshPlugins (0ms)
				BeforeProcessingInitializeOnLoad (66ms)
				ProcessInitializeOnLoadAttributes (166ms)
				ProcessInitializeOnLoadMethodAttributes (8ms)
				AfterProcessingInitializeOnLoad (2ms)
				EditorAssembliesLoaded (0ms)
			ExecutionOrderSort2 (0ms)
			AwakeInstancesAfterBackupRestoration (6ms)
Platform modules already initialized, skipping
Switching build target platform(19) subTarget(0) extendedPlatform(0) -> platform(13) subTarget(537395200) extendedPlatform(0)
Refreshing native plugins compatible for Editor in 0.30 ms, found 2 plugins.
Preloading 0 native plugins for Editor in 0.00 ms.
Unloading 1497 Unused Serialized files (Serialized files now loaded: 0)
System memory in use before: 70.8 MB.
System memory in use after: 70.9 MB.

Unloading 14 unused Assets to reduce memory usage. Loaded Objects now: 1981.
Total: 2.608700 ms (FindLiveObjects: 0.130900 ms CreateObjectMapping: 0.041400 ms MarkObjects: 2.418400 ms  DeleteObjects: 0.017000 ms)

AssetImportParameters requested are different than current active one (requested -> active):
  custom:framework-win-MediaFoundation: 216162199b28c13a410421893ffa2e32 -> 
  custom:video-decoder-ogg-theora: a1e56fd34408186e4bbccfd4996cb3dc -> 
  custom:container-muxer-webm: aa71ff27fc2769a1b78a27578f13a17b -> 
  custom:container-demuxer-webm: 4f35f7cbe854078d1ac9338744f61a02 -> 
  custom:container-demuxer-ogg: 62fdf1f143b41e24485cea50d1cbac27 -> 
  custom:video-encoder-webm-vp8: eb34c28f22e8b96e1ab97ce403110664 -> 
  custom:video-decoder-webm-vp8: 9c59270c3fd7afecdb556c50c9e8de78 -> 
  custom:graphics/normal-map-encoding: 01000000000000000000000000000000 -> 02000000000000000000000000000000
  custom:audio-decoder-ogg-vorbis: bf7c407c2cedff20999df2af8eb42d56 -> 
  custom:audio-encoder-webm-vorbis: bf7c407c2cedff20999df2af8eb42d56 -> 
========================================================================
Received Prepare
Registering precompiled user dll's ...
Registered in 0.004115 seconds.
Begin MonoManager ReloadAssembly
Native extension for WindowsStandalone target not found
Refreshing native plugins compatible for Editor in 0.31 ms, found 2 plugins.
Preloading 0 native plugins for Editor in 0.00 ms.
Mono: successfully reloaded assembly
- Completed reload, in  0.875 seconds
Domain Reload Profiling:
	ReloadAssembly (876ms)
		BeginReloadAssembly (114ms)
			ExecutionOrderSort (0ms)
			DisableScriptedObjects (4ms)
			BackupInstance (0ms)
			ReleaseScriptingObjects (0ms)
			CreateAndSetChildDomain (33ms)
		EndReloadAssembly (711ms)
			LoadAssemblies (96ms)
			RebuildTransferFunctionScriptingTraits (0ms)
			SetupTypeCache (253ms)
			ReleaseScriptCaches (1ms)
			RebuildScriptCaches (37ms)
			SetupLoadedEditorAssemblies (244ms)
				LogAssemblyErrors (0ms)
				InitializePlatformSupportModulesInManaged (4ms)
				SetLoadedEditorAssemblies (0ms)
				RefreshPlugins (0ms)
				BeforeProcessingInitializeOnLoad (65ms)
				ProcessInitializeOnLoadAttributes (164ms)
				ProcessInitializeOnLoadMethodAttributes (8ms)
				AfterProcessingInitializeOnLoad (2ms)
				EditorAssembliesLoaded (0ms)
			ExecutionOrderSort2 (0ms)
			AwakeInstancesAfterBackupRestoration (6ms)
Platform modules already initialized, skipping
Switching build target platform(19) subTarget(0) extendedPlatform(0) -> platform(13) subTarget(537395200) extendedPlatform(0)
Refreshing native plugins compatible for Editor in 0.33 ms, found 2 plugins.
Preloading 0 native plugins for Editor in 0.00 ms.
Unloading 1497 Unused Serialized files (Serialized files now loaded: 0)
System memory in use before: 70.8 MB.
System memory in use after: 70.9 MB.

Unloading 14 unused Assets to reduce memory usage. Loaded Objects now: 1983.
Total: 2.715000 ms (FindLiveObjects: 0.159700 ms CreateObjectMapping: 0.041400 ms MarkObjects: 2.495800 ms  DeleteObjects: 0.017300 ms)

AssetImportParameters requested are different than current active one (requested -> active):
  custom:framework-win-MediaFoundation: 216162199b28c13a410421893ffa2e32 -> 
  custom:video-decoder-ogg-theora: a1e56fd34408186e4bbccfd4996cb3dc -> 
  custom:container-muxer-webm: aa71ff27fc2769a1b78a27578f13a17b -> 
  custom:container-demuxer-webm: 4f35f7cbe854078d1ac9338744f61a02 -> 
  custom:container-demuxer-ogg: 62fdf1f143b41e24485cea50d1cbac27 -> 
  custom:video-encoder-webm-vp8: eb34c28f22e8b96e1ab97ce403110664 -> 
  custom:video-decoder-webm-vp8: 9c59270c3fd7afecdb556c50c9e8de78 -> 
  custom:graphics/normal-map-encoding: 01000000000000000000000000000000 -> 02000000000000000000000000000000
  custom:audio-decoder-ogg-vorbis: bf7c407c2cedff20999df2af8eb42d56 -> 
  custom:audio-encoder-webm-vorbis: bf7c407c2cedff20999df2af8eb42d56 -> 
========================================================================
Received Prepare
Registering precompiled user dll's ...
Registered in 0.004556 seconds.
Begin MonoManager ReloadAssembly
Native extension for WindowsStandalone target not found
Refreshing native plugins compatible for Editor in 0.30 ms, found 2 plugins.
Preloading 0 native plugins for Editor in 0.00 ms.
Mono: successfully reloaded assembly
- Completed reload, in  0.887 seconds
Domain Reload Profiling:
	ReloadAssembly (888ms)
		BeginReloadAssembly (106ms)
			ExecutionOrderSort (0ms)
			DisableScriptedObjects (4ms)
			BackupInstance (0ms)
			ReleaseScriptingObjects (0ms)
			CreateAndSetChildDomain (27ms)
		EndReloadAssembly (719ms)
			LoadAssemblies (97ms)
			RebuildTransferFunctionScriptingTraits (0ms)
			SetupTypeCache (255ms)
			ReleaseScriptCaches (1ms)
			RebuildScriptCaches (40ms)
			SetupLoadedEditorAssemblies (244ms)
				LogAssemblyErrors (0ms)
				InitializePlatformSupportModulesInManaged (4ms)
				SetLoadedEditorAssemblies (0ms)
				RefreshPlugins (0ms)
				BeforeProcessingInitializeOnLoad (68ms)
				ProcessInitializeOnLoadAttributes (161ms)
				ProcessInitializeOnLoadMethodAttributes (8ms)
				AfterProcessingInitializeOnLoad (2ms)
				EditorAssembliesLoaded (0ms)
			ExecutionOrderSort2 (0ms)
			AwakeInstancesAfterBackupRestoration (6ms)
Platform modules already initialized, skipping
Switching build target platform(19) subTarget(0) extendedPlatform(0) -> platform(13) subTarget(537395200) extendedPlatform(0)
Refreshing native plugins compatible for Editor in 0.32 ms, found 2 plugins.
Preloading 0 native plugins for Editor in 0.00 ms.
Unloading 1497 Unused Serialized files (Serialized files now loaded: 0)
System memory in use before: 70.8 MB.
System memory in use after: 70.9 MB.

Unloading 14 unused Assets to reduce memory usage. Loaded Objects now: 1985.
Total: 2.909600 ms (FindLiveObjects: 0.225600 ms CreateObjectMapping: 0.057800 ms MarkObjects: 2.604700 ms  DeleteObjects: 0.020500 ms)

AssetImportParameters requested are different than current active one (requested -> active):
  custom:framework-win-MediaFoundation: 216162199b28c13a410421893ffa2e32 -> 
  custom:video-decoder-ogg-theora: a1e56fd34408186e4bbccfd4996cb3dc -> 
  custom:container-muxer-webm: aa71ff27fc2769a1b78a27578f13a17b -> 
  custom:container-demuxer-webm: 4f35f7cbe854078d1ac9338744f61a02 -> 
  custom:container-demuxer-ogg: 62fdf1f143b41e24485cea50d1cbac27 -> 
  custom:video-encoder-webm-vp8: eb34c28f22e8b96e1ab97ce403110664 -> 
  custom:video-decoder-webm-vp8: 9c59270c3fd7afecdb556c50c9e8de78 -> 
  custom:graphics/normal-map-encoding: 01000000000000000000000000000000 -> 02000000000000000000000000000000
  custom:audio-decoder-ogg-vorbis: bf7c407c2cedff20999df2af8eb42d56 -> 
  custom:audio-encoder-webm-vorbis: bf7c407c2cedff20999df2af8eb42d56 -> 
========================================================================
Received Prepare
Registering precompiled user dll's ...
Registered in 0.003854 seconds.
Begin MonoManager ReloadAssembly
Native extension for WindowsStandalone target not found
Refreshing native plugins compatible for Editor in 0.33 ms, found 2 plugins.
Preloading 0 native plugins for Editor in 0.00 ms.
Mono: successfully reloaded assembly
- Completed reload, in  0.874 seconds
Domain Reload Profiling:
	ReloadAssembly (875ms)
		BeginReloadAssembly (104ms)
			ExecutionOrderSort (0ms)
			DisableScriptedObjects (4ms)
			BackupInstance (0ms)
			ReleaseScriptingObjects (0ms)
			CreateAndSetChildDomain (27ms)
		EndReloadAssembly (718ms)
			LoadAssemblies (94ms)
			RebuildTransferFunctionScriptingTraits (0ms)
			SetupTypeCache (250ms)
			ReleaseScriptCaches (1ms)
			RebuildScriptCaches (36ms)
			SetupLoadedEditorAssemblies (253ms)
				LogAssemblyErrors (0ms)
				InitializePlatformSupportModulesInManaged (4ms)
				SetLoadedEditorAssemblies (0ms)
				RefreshPlugins (0ms)
				BeforeProcessingInitializeOnLoad (69ms)
				ProcessInitializeOnLoadAttributes (169ms)
				ProcessInitializeOnLoadMethodAttributes (8ms)
				AfterProcessingInitializeOnLoad (2ms)
				EditorAssembliesLoaded (0ms)
			ExecutionOrderSort2 (0ms)
			AwakeInstancesAfterBackupRestoration (6ms)
Platform modules already initialized, skipping
Switching build target platform(19) subTarget(0) extendedPlatform(0) -> platform(13) subTarget(537395200) extendedPlatform(0)
Refreshing native plugins compatible for Editor in 0.31 ms, found 2 plugins.
Preloading 0 native plugins for Editor in 0.00 ms.
Unloading 1497 Unused Serialized files (Serialized files now loaded: 0)
System memory in use before: 70.8 MB.
System memory in use after: 70.9 MB.

Unloading 14 unused Assets to reduce memory usage. Loaded Objects now: 1987.
Total: 2.766100 ms (FindLiveObjects: 0.150200 ms CreateObjectMapping: 0.040200 ms MarkObjects: 2.556500 ms  DeleteObjects: 0.018000 ms)

AssetImportParameters requested are different than current active one (requested -> active):
  custom:framework-win-MediaFoundation: 216162199b28c13a410421893ffa2e32 -> 
  custom:video-decoder-ogg-theora: a1e56fd34408186e4bbccfd4996cb3dc -> 
  custom:container-muxer-webm: aa71ff27fc2769a1b78a27578f13a17b -> 
  custom:container-demuxer-webm: 4f35f7cbe854078d1ac9338744f61a02 -> 
  custom:container-demuxer-ogg: 62fdf1f143b41e24485cea50d1cbac27 -> 
  custom:video-encoder-webm-vp8: eb34c28f22e8b96e1ab97ce403110664 -> 
  custom:video-decoder-webm-vp8: 9c59270c3fd7afecdb556c50c9e8de78 -> 
  custom:graphics/normal-map-encoding: 01000000000000000000000000000000 -> 02000000000000000000000000000000
  custom:audio-decoder-ogg-vorbis: bf7c407c2cedff20999df2af8eb42d56 -> 
  custom:audio-encoder-webm-vorbis: bf7c407c2cedff20999df2af8eb42d56 -> 
========================================================================
Received Prepare
Registering precompiled user dll's ...
Registered in 0.003896 seconds.
Begin MonoManager ReloadAssembly
Native extension for WindowsStandalone target not found
Refreshing native plugins compatible for Editor in 0.30 ms, found 2 plugins.
Preloading 0 native plugins for Editor in 0.00 ms.
Mono: successfully reloaded assembly
- Completed reload, in  0.862 seconds
Domain Reload Profiling:
	ReloadAssembly (863ms)
		BeginReloadAssembly (102ms)
			ExecutionOrderSort (0ms)
			DisableScriptedObjects (4ms)
			BackupInstance (0ms)
			ReleaseScriptingObjects (0ms)
			CreateAndSetChildDomain (26ms)
		EndReloadAssembly (706ms)
			LoadAssemblies (93ms)
			RebuildTransferFunctionScriptingTraits (0ms)
			SetupTypeCache (244ms)
			ReleaseScriptCaches (1ms)
			RebuildScriptCaches (37ms)
			SetupLoadedEditorAssemblies (245ms)
				LogAssemblyErrors (0ms)
				InitializePlatformSupportModulesInManaged (4ms)
				SetLoadedEditorAssemblies (0ms)
				RefreshPlugins (0ms)
				BeforeProcessingInitializeOnLoad (66ms)
				ProcessInitializeOnLoadAttributes (164ms)
				ProcessInitializeOnLoadMethodAttributes (8ms)
				AfterProcessingInitializeOnLoad (2ms)
				EditorAssembliesLoaded (0ms)
			ExecutionOrderSort2 (0ms)
			AwakeInstancesAfterBackupRestoration (6ms)
Platform modules already initialized, skipping
Switching build target platform(19) subTarget(0) extendedPlatform(0) -> platform(13) subTarget(537395200) extendedPlatform(0)
Refreshing native plugins compatible for Editor in 0.30 ms, found 2 plugins.
Preloading 0 native plugins for Editor in 0.00 ms.
Unloading 1497 Unused Serialized files (Serialized files now loaded: 0)
System memory in use before: 70.8 MB.
System memory in use after: 70.9 MB.

Unloading 14 unused Assets to reduce memory usage. Loaded Objects now: 1989.
Total: 2.707100 ms (FindLiveObjects: 0.141700 ms CreateObjectMapping: 0.044400 ms MarkObjects: 2.504200 ms  DeleteObjects: 0.016000 ms)

AssetImportParameters requested are different than current active one (requested -> active):
  custom:framework-win-MediaFoundation: 216162199b28c13a410421893ffa2e32 -> 
  custom:video-decoder-ogg-theora: a1e56fd34408186e4bbccfd4996cb3dc -> 
  custom:container-muxer-webm: aa71ff27fc2769a1b78a27578f13a17b -> 
  custom:container-demuxer-webm: 4f35f7cbe854078d1ac9338744f61a02 -> 
  custom:container-demuxer-ogg: 62fdf1f143b41e24485cea50d1cbac27 -> 
  custom:video-encoder-webm-vp8: eb34c28f22e8b96e1ab97ce403110664 -> 
  custom:video-decoder-webm-vp8: 9c59270c3fd7afecdb556c50c9e8de78 -> 
  custom:graphics/normal-map-encoding: 01000000000000000000000000000000 -> 02000000000000000000000000000000
  custom:audio-decoder-ogg-vorbis: bf7c407c2cedff20999df2af8eb42d56 -> 
  custom:audio-encoder-webm-vorbis: bf7c407c2cedff20999df2af8eb42d56 -> 
========================================================================
Received Import Request.
  Time since last request: 745.880935 seconds.
  path: Assets/Scenes
  artifactKey: Guid(23cf9868102e89947a763516f98556e7) Importer(815301076,1909f56bfc062723c751e8b465ee728b)
Start importing Assets/Scenes using Guid(23cf9868102e89947a763516f98556e7) Importer(815301076,1909f56bfc062723c751e8b465ee728b)  -> (artifact id: '66e945663c9c1a4e3022e837fb26cc69') in 0.007001 seconds 
  Import took 0.009783 seconds .

========================================================================
Received Import Request.
  Time since last request: 12.086250 seconds.
  path: Assets/Scenes/Scene2.unity
  artifactKey: Guid(8d40984be903cc84cb0d3455bec9fd70) Importer(815301076,1909f56bfc062723c751e8b465ee728b)
Start importing Assets/Scenes/Scene2.unity using Guid(8d40984be903cc84cb0d3455bec9fd70) Importer(815301076,1909f56bfc062723c751e8b465ee728b)  -> (artifact id: '069608aedfb0d47ece9d55d4570de075') in 0.015871 seconds 
  Import took 0.018489 seconds .

========================================================================
Received Import Request.
  Time since last request: 109.646514 seconds.
  path: Assets/Prefabs
  artifactKey: Guid(564776d1a145ea24d89f5928b9c78fb5) Importer(815301076,1909f56bfc062723c751e8b465ee728b)
Start importing Assets/Prefabs using Guid(564776d1a145ea24d89f5928b9c78fb5) Importer(815301076,1909f56bfc062723c751e8b465ee728b)  -> (artifact id: '2a81923b5c1de7475fdd510482fc153b') in 0.005297 seconds 
  Import took 0.007865 seconds .

========================================================================
Received Import Request.
  Time since last request: 10.426237 seconds.
  path: Assets/Prefabs/wooden_box_fbx.prefab
  artifactKey: Guid(e8276488960306e46a76b81862a1550f) Importer(815301076,1909f56bfc062723c751e8b465ee728b)
Start importing Assets/Prefabs/wooden_box_fbx.prefab using Guid(e8276488960306e46a76b81862a1550f) Importer(815301076,1909f56bfc062723c751e8b465ee728b)  -> (artifact id: '79dccf9283e2a9343fdb2859c5c01728') in 0.261231 seconds 
  Import took 0.263614 seconds .

AssetImportWorkerClient::OnTransportError - code=2 error=End of file
